Using pre-set license
Built from '2020.3/staging' branch; Version is '2020.3.24f1 (79c78de19888) revision 7980941'; Using compiler version '192528614'; Build Type 'Release'
OS: 'Windows 10  (10.0.19043) 64bit Core' Language: 'pl' Physical Memory: 16257 MB
BatchMode: 1, IsHumanControllingUs: 0, StartBugReporterOnCrash: 0, Is64bit: 1, IsPro: 0

COMMAND LINE ARGUMENTS:
F:\Programs\Unity\Versions\2020.3.24f1\Editor\Unity.exe
-adb2
-batchMode
-noUpm
-name
AssetImportWorker0
-projectPath
F:/Studia/SemIII/Algorytmy generyczne/Unity/Travelling Salesman Problem
-logFile
Logs/AssetImportWorker0.log
-srvPort
54998
Successfully changed project path to: F:/Studia/SemIII/Algorytmy generyczne/Unity/Travelling Salesman Problem
F:/Studia/SemIII/Algorytmy generyczne/Unity/Travelling Salesman Problem
Using Asset Import Pipeline V2.
Refreshing native plugins compatible for Editor in 53.77 ms, found 2 plugins.
Preloading 0 native plugins for Editor in 0.00 ms.
Initialize engine version: 2020.3.24f1 (79c78de19888)
[Subsystems] Discovering subsystems at path F:/Programs/Unity/Versions/2020.3.24f1/Editor/Data/Resources/UnitySubsystems
[Subsystems] Discovering subsystems at path F:/Studia/SemIII/Algorytmy generyczne/Unity/Travelling Salesman Problem/Assets
GfxDevice: creating device client; threaded=0
Direct3D:
    Version:  Direct3D 11.0 [level 11.1]
    Renderer: NVIDIA GeForce GTX 1060 (ID=0x1c20)
    Vendor:   
    VRAM:     6052 MB
    Driver:   27.21.14.6627
Initialize mono
Mono path[0] = 'F:/Programs/Unity/Versions/2020.3.24f1/Editor/Data/Managed'
Mono path[1] = 'F:/Programs/Unity/Versions/2020.3.24f1/Editor/Data/MonoBleedingEdge/lib/mono/unityjit'
Mono config path = 'F:/Programs/Unity/Versions/2020.3.24f1/Editor/Data/MonoBleedingEdge/etc'
Using monoOptions --debugger-agent=transport=dt_socket,embedding=1,server=y,suspend=n,address=127.0.0.1:56448
Begin MonoManager ReloadAssembly
Registering precompiled unity dll's ...
Register platform support module: F:/Programs/Unity/Versions/2020.3.24f1/Editor/Data/PlaybackEngines/WebGLSupport/UnityEditor.WebGL.Extensions.dll
Register platform support module: F:/Programs/Unity/Versions/2020.3.24f1/Editor/Data/PlaybackEngines/WindowsStandaloneSupport/UnityEditor.WindowsStandalone.Extensions.dll
Registered in 0.001251 seconds.
Native extension for WindowsStandalone target not found
Native extension for WebGL target not found
Refreshing native plugins compatible for Editor in 49.86 ms, found 2 plugins.
Preloading 0 native plugins for Editor in 0.00 ms.
Mono: successfully reloaded assembly
- Completed reload, in  0.551 seconds
Domain Reload Profiling:
	ReloadAssembly (551ms)
		BeginReloadAssembly (49ms)
			ExecutionOrderSort (0ms)
			DisableScriptedObjects (0ms)
			BackupInstance (0ms)
			ReleaseScriptingObjects (0ms)
			CreateAndSetChildDomain (1ms)
		EndReloadAssembly (439ms)
			LoadAssemblies (49ms)
			RebuildTransferFunctionScriptingTraits (0ms)
			SetupTypeCache (141ms)
			ReleaseScriptCaches (0ms)
			RebuildScriptCaches (33ms)
			SetupLoadedEditorAssemblies (173ms)
				LogAssemblyErrors (0ms)
				InitializePlatformSupportModulesInManaged (5ms)
				SetLoadedEditorAssemblies (0ms)
				RefreshPlugins (50ms)
				BeforeProcessingInitializeOnLoad (16ms)
				ProcessInitializeOnLoadAttributes (77ms)
				ProcessInitializeOnLoadMethodAttributes (25ms)
				AfterProcessingInitializeOnLoad (0ms)
				EditorAssembliesLoaded (0ms)
			ExecutionOrderSort2 (0ms)
			AwakeInstancesAfterBackupRestoration (0ms)
Platform modules already initialized, skipping
Registering precompiled user dll's ...
Registered in 0.003456 seconds.
Begin MonoManager ReloadAssembly
Native extension for WindowsStandalone target not found
Native extension for WebGL target not found
Refreshing native plugins compatible for Editor in 51.39 ms, found 2 plugins.
Preloading 0 native plugins for Editor in 0.00 ms.
Mono: successfully reloaded assembly
- Completed reload, in  1.089 seconds
Domain Reload Profiling:
	ReloadAssembly (1089ms)
		BeginReloadAssembly (138ms)
			ExecutionOrderSort (0ms)
			DisableScriptedObjects (5ms)
			BackupInstance (0ms)
			ReleaseScriptingObjects (0ms)
			CreateAndSetChildDomain (18ms)
		EndReloadAssembly (900ms)
			LoadAssemblies (89ms)
			RebuildTransferFunctionScriptingTraits (0ms)
			SetupTypeCache (299ms)
			ReleaseScriptCaches (0ms)
			RebuildScriptCaches (53ms)
			SetupLoadedEditorAssemblies (345ms)
				LogAssemblyErrors (0ms)
				InitializePlatformSupportModulesInManaged (4ms)
				SetLoadedEditorAssemblies (0ms)
				RefreshPlugins (51ms)
				BeforeProcessingInitializeOnLoad (87ms)
				ProcessInitializeOnLoadAttributes (191ms)
				ProcessInitializeOnLoadMethodAttributes (9ms)
				AfterProcessingInitializeOnLoad (2ms)
				EditorAssembliesLoaded (0ms)
			ExecutionOrderSort2 (0ms)
			AwakeInstancesAfterBackupRestoration (6ms)
Platform modules already initialized, skipping
========================================================================
Worker process is ready to serve import requests
Launched and connected shader compiler UnityShaderCompiler.exe after 0.06 seconds
Refreshing native plugins compatible for Editor in 0.50 ms, found 2 plugins.
Preloading 0 native plugins for Editor in 0.00 ms.
Unloading 2828 Unused Serialized files (Serialized files now loaded: 0)
System memory in use before: 125.8 MB.
System memory in use after: 126.0 MB.

Unloading 20 unused Assets to reduce memory usage. Loaded Objects now: 3261.
Total: 3.048900 ms (FindLiveObjects: 0.243800 ms CreateObjectMapping: 0.106700 ms MarkObjects: 2.638900 ms  DeleteObjects: 0.058800 ms)

AssetImportParameters requested are different than current active one (requested -> active):
  custom:framework-win-MediaFoundation: 216162199b28c13a410421893ffa2e32 -> 
  custom:video-decoder-ogg-theora: a1e56fd34408186e4bbccfd4996cb3dc -> 
  custom:container-muxer-webm: aa71ff27fc2769a1b78a27578f13a17b -> 
  custom:container-demuxer-webm: 4f35f7cbe854078d1ac9338744f61a02 -> 
  custom:container-demuxer-ogg: 62fdf1f143b41e24485cea50d1cbac27 -> 
  custom:video-encoder-webm-vp8: eb34c28f22e8b96e1ab97ce403110664 -> 
  custom:video-decoder-webm-vp8: 9c59270c3fd7afecdb556c50c9e8de78 -> 
  custom:audio-decoder-ogg-vorbis: bf7c407c2cedff20999df2af8eb42d56 -> 
  custom:audio-encoder-webm-vorbis: bf7c407c2cedff20999df2af8eb42d56 -> 
========================================================================
Received Import Request.
  path: Assets/Scripts/_TSP/GlobalStats.cs
  artifactKey: Guid(3277b89e44610da4ca4db6bb89d9b4f2) Importer(815301076,1909f56bfc062723c751e8b465ee728b)
Start importing Assets/Scripts/_TSP/GlobalStats.cs using Guid(3277b89e44610da4ca4db6bb89d9b4f2) Importer(815301076,1909f56bfc062723c751e8b465ee728b)  -> (artifact id: 'fc3bf1a6f460edaee67f5ccabf65cacf') in 0.111073 seconds 
  Import took 0.133245 seconds .

========================================================================
Received Import Request.
  Time since last request: 0.000298 seconds.
  path: Assets/Scripts/_TSP/TSPManager.cs
  artifactKey: Guid(39a19a88983313b468ea124240854761) Importer(815301076,1909f56bfc062723c751e8b465ee728b)
Start importing Assets/Scripts/_TSP/TSPManager.cs using Guid(39a19a88983313b468ea124240854761) Importer(815301076,1909f56bfc062723c751e8b465ee728b)  -> (artifact id: '6ca70b33e305bd6037116a735d6067a5') in 0.029005 seconds 
  Import took 0.032444 seconds .

========================================================================
Received Import Request.
  Time since last request: 72.045980 seconds.
  path: Assets/Settings
  artifactKey: Guid(0735c275001a2c84dafdb30deced5d8d) Importer(815301076,1909f56bfc062723c751e8b465ee728b)
Start importing Assets/Settings using Guid(0735c275001a2c84dafdb30deced5d8d) Importer(815301076,1909f56bfc062723c751e8b465ee728b)  -> (artifact id: 'cadd7ca10b5bf32e886eec457cf073a7') in 0.008622 seconds 
  Import took 0.013731 seconds .

========================================================================
Received Import Request.
  Time since last request: 0.520842 seconds.
  path: Assets/Scripts/ExceptionManager.cs
  artifactKey: Guid(8b4f8f3c80339694f8f3b0eab853f4ee) Importer(815301076,1909f56bfc062723c751e8b465ee728b)
Start importing Assets/Scripts/ExceptionManager.cs using Guid(8b4f8f3c80339694f8f3b0eab853f4ee) Importer(815301076,1909f56bfc062723c751e8b465ee728b)  -> (artifact id: 'd40edc783c4ba94a53989098ab52d594') in 0.007006 seconds 
  Import took 0.011775 seconds .

========================================================================
Received Prepare
Registering precompiled user dll's ...
Registered in 0.003324 seconds.
Begin MonoManager ReloadAssembly
Native extension for WindowsStandalone target not found
Native extension for WebGL target not found
Refreshing native plugins compatible for Editor in 0.51 ms, found 2 plugins.
Preloading 0 native plugins for Editor in 0.00 ms.
Mono: successfully reloaded assembly
- Completed reload, in  1.001 seconds
Domain Reload Profiling:
	ReloadAssembly (1001ms)
		BeginReloadAssembly (110ms)
			ExecutionOrderSort (0ms)
			DisableScriptedObjects (5ms)
			BackupInstance (0ms)
			ReleaseScriptingObjects (0ms)
			CreateAndSetChildDomain (33ms)
		EndReloadAssembly (826ms)
			LoadAssemblies (84ms)
			RebuildTransferFunctionScriptingTraits (0ms)
			SetupTypeCache (289ms)
			ReleaseScriptCaches (1ms)
			RebuildScriptCaches (46ms)
			SetupLoadedEditorAssemblies (297ms)
				LogAssemblyErrors (0ms)
				InitializePlatformSupportModulesInManaged (4ms)
				SetLoadedEditorAssemblies (0ms)
				RefreshPlugins (1ms)
				BeforeProcessingInitializeOnLoad (86ms)
				ProcessInitializeOnLoadAttributes (195ms)
				ProcessInitializeOnLoadMethodAttributes (8ms)
				AfterProcessingInitializeOnLoad (2ms)
				EditorAssembliesLoaded (0ms)
			ExecutionOrderSort2 (0ms)
			AwakeInstancesAfterBackupRestoration (10ms)
Platform modules already initialized, skipping
Refreshing native plugins compatible for Editor in 0.55 ms, found 2 plugins.
Preloading 0 native plugins for Editor in 0.00 ms.
Unloading 2706 Unused Serialized files (Serialized files now loaded: 0)
System memory in use before: 117.4 MB.
System memory in use after: 117.6 MB.

Unloading 15 unused Assets to reduce memory usage. Loaded Objects now: 3263.
Total: 3.008400 ms (FindLiveObjects: 0.240800 ms CreateObjectMapping: 0.121200 ms MarkObjects: 2.624000 ms  DeleteObjects: 0.021500 ms)

AssetImportParameters requested are different than current active one (requested -> active):
  custom:framework-win-MediaFoundation: 216162199b28c13a410421893ffa2e32 -> 
  custom:video-decoder-ogg-theora: a1e56fd34408186e4bbccfd4996cb3dc -> 
  custom:container-muxer-webm: aa71ff27fc2769a1b78a27578f13a17b -> 
  custom:container-demuxer-webm: 4f35f7cbe854078d1ac9338744f61a02 -> 
  custom:container-demuxer-ogg: 62fdf1f143b41e24485cea50d1cbac27 -> 
  custom:video-encoder-webm-vp8: eb34c28f22e8b96e1ab97ce403110664 -> 
  custom:video-decoder-webm-vp8: 9c59270c3fd7afecdb556c50c9e8de78 -> 
  custom:audio-decoder-ogg-vorbis: bf7c407c2cedff20999df2af8eb42d56 -> 
  custom:audio-encoder-webm-vorbis: bf7c407c2cedff20999df2af8eb42d56 -> 
========================================================================
Received Import Request.
  Time since last request: 130.993232 seconds.
  path: Assets/Scripts/_TSP/City.cs
  artifactKey: Guid(dcbf9c6c817baf44baf5b7c8ffbec977) Importer(815301076,1909f56bfc062723c751e8b465ee728b)
Start importing Assets/Scripts/_TSP/City.cs using Guid(dcbf9c6c817baf44baf5b7c8ffbec977) Importer(815301076,1909f56bfc062723c751e8b465ee728b)  -> (artifact id: '0c6c69a8ced4c507a9f53d605e1f068e') in 0.061435 seconds 
  Import took 0.066305 seconds .

========================================================================
Received Import Request.
  Time since last request: 3.529020 seconds.
  path: Assets/Scripts/_TSP/Genotype.cs
  artifactKey: Guid(5da56de1070b14945a669d018651b46e) Importer(815301076,1909f56bfc062723c751e8b465ee728b)
Start importing Assets/Scripts/_TSP/Genotype.cs using Guid(5da56de1070b14945a669d018651b46e) Importer(815301076,1909f56bfc062723c751e8b465ee728b)  -> (artifact id: '7aff121a70937c0f6b5b680901a5497a') in 0.042299 seconds 
  Import took 0.090011 seconds .

========================================================================
Received Import Request.
  Time since last request: 3035.614906 seconds.
  path: Assets/Scripts/UI/MainPanelManager.cs
  artifactKey: Guid(695e279023aa73b4c9d3f63be03400f0) Importer(815301076,1909f56bfc062723c751e8b465ee728b)
Start importing Assets/Scripts/UI/MainPanelManager.cs using Guid(695e279023aa73b4c9d3f63be03400f0) Importer(815301076,1909f56bfc062723c751e8b465ee728b)  -> (artifact id: '45dc1c6ca3ad2ab72e27775db8eb5cd6') in 0.008266 seconds 
  Import took 0.013151 seconds .

========================================================================
Received Import Request.
  Time since last request: 2.078401 seconds.
  path: Assets/Scripts/UI/Option.cs
  artifactKey: Guid(b601e0ae3f33c514c8a277c493e04e7c) Importer(815301076,1909f56bfc062723c751e8b465ee728b)
Start importing Assets/Scripts/UI/Option.cs using Guid(b601e0ae3f33c514c8a277c493e04e7c) Importer(815301076,1909f56bfc062723c751e8b465ee728b)  -> (artifact id: 'e4382f600a39a87ac8c1e15e94824c2a') in 0.005687 seconds 
  Import took 0.009901 seconds .

========================================================================
Received Import Request.
  Time since last request: 3.933345 seconds.
  path: Assets/Scripts/UI/OutputPanel.cs
  artifactKey: Guid(77d4a42ef791e4e4e83aaa4073c2baa6) Importer(815301076,1909f56bfc062723c751e8b465ee728b)
Start importing Assets/Scripts/UI/OutputPanel.cs using Guid(77d4a42ef791e4e4e83aaa4073c2baa6) Importer(815301076,1909f56bfc062723c751e8b465ee728b)  -> (artifact id: 'd0911825af1a88609650cea11ab34275') in 0.005596 seconds 
  Import took 0.009841 seconds .

========================================================================
Received Import Request.
  Time since last request: 2781.251040 seconds.
  path: Assets/Scripts/UI/CityViewer.cs
  artifactKey: Guid(a9b539d824275914e8ff0aaf06be9fd1) Importer(815301076,1909f56bfc062723c751e8b465ee728b)
Start importing Assets/Scripts/UI/CityViewer.cs using Guid(a9b539d824275914e8ff0aaf06be9fd1) Importer(815301076,1909f56bfc062723c751e8b465ee728b)  -> (artifact id: '0d21d8af19ec72e3fea9dbec6486fd93') in 0.007756 seconds 
  Import took 0.013031 seconds .

